Performing C SOURCE FILE Test CMAKE_HAVE_LIBC_PTHREAD failed with the following output:
Change Dir: /home/student/Server-Client-Application/CMakeFiles/CMakeTmp

Run Build Command(s):/usr/bin/make cmTC_9c042/fast && /usr/bin/make  -f CMakeFiles/cmTC_9c042.dir/build.make CMakeFiles/cmTC_9c042.dir/build
Building C object CMakeFiles/cmTC_9c042.dir/src.c.o
/usr/bin/cc -DCMAKE_HAVE_LIBC_PTHREAD   -o CMakeFiles/cmTC_9c042.dir/src.c.o -c /home/student/Server-Client-Application/CMakeFiles/CMakeTmp/src.c
Linking C executable cmTC_9c042
/usr/local/bin/cmake -E cmake_link_script CMakeFiles/cmTC_9c042.dir/link.txt --verbose=1
/usr/bin/cc CMakeFiles/cmTC_9c042.dir/src.c.o -o cmTC_9c042 
ld: error: undefined symbol: pthread_create
>>> referenced by src.c
>>>               CMakeFiles/cmTC_9c042.dir/src.c.o:(main)
cc: error: linker command failed with exit code 1 (use -v to see invocation)
*** Error code 1

Stop.
make[1]: stopped in /usr/home/student/Server-Client-Application/CMakeFiles/CMakeTmp
*** Error code 1

Stop.
make: stopped in /usr/home/student/Server-Client-Application/CMakeFiles/CMakeTmp


Source file was:
#include <pthread.h>

static void* test_func(void* data)
{
  return data;
}

int main(void)
{
  pthread_t thread;
  pthread_create(&thread, NULL, test_func, NULL);
  pthread_detach(thread);
  pthread_cancel(thread);
  pthread_join(thread, NULL);
  pthread_atfork(NULL, NULL, NULL);
  pthread_exit(NULL);

  return 0;
}

